<?xml version="1.0" encoding="UTF-8"?>
<!-- Generated by org.testng.reporters.JUnitXMLReporter -->
<testsuite hostname="SURANA" ignored="0" name="Default test" tests="5" failures="0" timestamp="2020-01-09T15:37:43 IST" time="1.238" errors="0">
  <testcase name="test" time="0.014" classname="AssertProgram.TestReadXmlDatap"/>
  <testcase name="test" time="0.002" classname="AssertProgram.TestReadXmlDatap"/>
  <testcase name="test" time="0.002" classname="AssertProgram.TestReadXmlDatap"/>
  <testcase name="test" time="0.001" classname="AssertProgram.TestReadXmlDatap"/>
  <testcase name="test" time="0.001" classname="AssertProgram.TestReadXmlDatap"/>
</testsuite> <!-- Default test -->
